I, [2019-12-05T14:55:48.086968 #126832]  INFO -- Kitchen: -----> Starting Kitchen (v2.3.3)
I, [2019-12-05T14:56:34.131211 #126832]  INFO -- Kitchen: -----> Converging <default-ubuntu-1804>...
I, [2019-12-05T14:59:06.520638 #126832]  INFO -- Kitchen: -----> Converging <default-centos-7>...
E, [2019-12-05T15:01:29.373885 #126832] ERROR -- Kitchen: ------Exception-------
E, [2019-12-05T15:01:29.374717 #126832] ERROR -- Kitchen: Class: Kitchen::ActionFailed
E, [2019-12-05T15:01:29.382951 #126832] ERROR -- Kitchen: Message: 2 actions failed.
>>>>>>     Converge failed on instance <default-ubuntu-1804>.  Please see .kitchen/logs/default-ubuntu-1804.log for more details
>>>>>>     Converge failed on instance <default-centos-7>.  Please see .kitchen/logs/default-centos-7.log for more details
E, [2019-12-05T15:01:29.387903 #126832] ERROR -- Kitchen: ----------------------
E, [2019-12-05T15:01:29.388110 #126832] ERROR -- Kitchen: ------Backtrace-------
E, [2019-12-05T15:01:29.388254 #126832] ERROR -- Kitchen: C:/opscode/chefdk/embedded/lib/ruby/gems/2.6.0/gems/test-kitchen-2.3.3/lib/kitchen/command.rb:184:in `report_errors'
E, [2019-12-05T15:01:29.388395 #126832] ERROR -- Kitchen: C:/opscode/chefdk/embedded/lib/ruby/gems/2.6.0/gems/test-kitchen-2.3.3/lib/kitchen/command.rb:175:in `run_action'
E, [2019-12-05T15:01:29.388530 #126832] ERROR -- Kitchen: C:/opscode/chefdk/embedded/lib/ruby/gems/2.6.0/gems/test-kitchen-2.3.3/lib/kitchen/command/action.rb:36:in `block in call'
E, [2019-12-05T15:01:29.388669 #126832] ERROR -- Kitchen: C:/opscode/chefdk/embedded/lib/ruby/2.6.0/benchmark.rb:293:in `measure'
E, [2019-12-05T15:01:29.388857 #126832] ERROR -- Kitchen: C:/opscode/chefdk/embedded/lib/ruby/gems/2.6.0/gems/test-kitchen-2.3.3/lib/kitchen/command/action.rb:34:in `call'
E, [2019-12-05T15:01:29.389040 #126832] ERROR -- Kitchen: C:/opscode/chefdk/embedded/lib/ruby/gems/2.6.0/gems/test-kitchen-2.3.3/lib/kitchen/cli.rb:52:in `perform'
E, [2019-12-05T15:01:29.389181 #126832] ERROR -- Kitchen: C:/opscode/chefdk/embedded/lib/ruby/gems/2.6.0/gems/test-kitchen-2.3.3/lib/kitchen/cli.rb:198:in `block (2 levels) in <class:CLI>'
E, [2019-12-05T15:01:29.389349 #126832] ERROR -- Kitchen: C:/opscode/chefdk/embedded/lib/ruby/gems/2.6.0/gems/thor-0.20.3/lib/thor/command.rb:27:in `run'
E, [2019-12-05T15:01:29.389492 #126832] ERROR -- Kitchen: C:/opscode/chefdk/embedded/lib/ruby/gems/2.6.0/gems/thor-0.20.3/lib/thor/invocation.rb:126:in `invoke_command'
E, [2019-12-05T15:01:29.389632 #126832] ERROR -- Kitchen: C:/opscode/chefdk/embedded/lib/ruby/gems/2.6.0/gems/thor-0.20.3/lib/thor.rb:387:in `dispatch'
E, [2019-12-05T15:01:29.389788 #126832] ERROR -- Kitchen: C:/opscode/chefdk/embedded/lib/ruby/gems/2.6.0/gems/thor-0.20.3/lib/thor/base.rb:466:in `start'
E, [2019-12-05T15:01:29.389929 #126832] ERROR -- Kitchen: C:/opscode/chefdk/embedded/lib/ruby/gems/2.6.0/gems/test-kitchen-2.3.3/bin/kitchen:13:in `block in <top (required)>'
E, [2019-12-05T15:01:29.390066 #126832] ERROR -- Kitchen: C:/opscode/chefdk/embedded/lib/ruby/gems/2.6.0/gems/test-kitchen-2.3.3/lib/kitchen/errors.rb:171:in `with_friendly_errors'
E, [2019-12-05T15:01:29.390209 #126832] ERROR -- Kitchen: C:/opscode/chefdk/embedded/lib/ruby/gems/2.6.0/gems/test-kitchen-2.3.3/bin/kitchen:13:in `<top (required)>'
E, [2019-12-05T15:01:29.390352 #126832] ERROR -- Kitchen: C:/opscode/chefdk/embedded/bin/kitchen:23:in `load'
E, [2019-12-05T15:01:29.390493 #126832] ERROR -- Kitchen: C:/opscode/chefdk/embedded/bin/kitchen:23:in `<main>'
E, [2019-12-05T15:01:29.390633 #126832] ERROR -- Kitchen: ----End Backtrace-----
E, [2019-12-05T15:01:29.390783 #126832] ERROR -- Kitchen: -Composite Exception--
E, [2019-12-05T15:01:29.390923 #126832] ERROR -- Kitchen: Class: Kitchen::InstanceFailure
E, [2019-12-05T15:01:29.391064 #126832] ERROR -- Kitchen: Message: Converge failed on instance <default-ubuntu-1804>.  Please see .kitchen/logs/default-ubuntu-1804.log for more details
E, [2019-12-05T15:01:29.391207 #126832] ERROR -- Kitchen: ----------------------
E, [2019-12-05T15:01:29.391344 #126832] ERROR -- Kitchen: ------Backtrace-------
E, [2019-12-05T15:01:29.391599 #126832] ERROR -- Kitchen: C:/opscode/chefdk/embedded/lib/ruby/gems/2.6.0/gems/test-kitchen-2.3.3/lib/kitchen/provisioner/base.rb:95:in `rescue in call'
E, [2019-12-05T15:01:29.391781 #126832] ERROR -- Kitchen: C:/opscode/chefdk/embedded/lib/ruby/gems/2.6.0/gems/test-kitchen-2.3.3/lib/kitchen/provisioner/base.rb:94:in `call'
E, [2019-12-05T15:01:29.391919 #126832] ERROR -- Kitchen: C:/opscode/chefdk/embedded/lib/ruby/gems/2.6.0/gems/test-kitchen-2.3.3/lib/kitchen/instance.rb:409:in `block in converge_action'
E, [2019-12-05T15:01:29.392061 #126832] ERROR -- Kitchen: C:/opscode/chefdk/embedded/lib/ruby/gems/2.6.0/gems/test-kitchen-2.3.3/lib/kitchen/instance.rb:552:in `synchronize_or_call'
E, [2019-12-05T15:01:29.392207 #126832] ERROR -- Kitchen: C:/opscode/chefdk/embedded/lib/ruby/gems/2.6.0/gems/test-kitchen-2.3.3/lib/kitchen/instance.rb:514:in `block in action'
E, [2019-12-05T15:01:29.392347 #126832] ERROR -- Kitchen: C:/opscode/chefdk/embedded/lib/ruby/2.6.0/benchmark.rb:293:in `measure'
E, [2019-12-05T15:01:29.392489 #126832] ERROR -- Kitchen: C:/opscode/chefdk/embedded/lib/ruby/gems/2.6.0/gems/test-kitchen-2.3.3/lib/kitchen/instance.rb:513:in `action'
E, [2019-12-05T15:01:29.392634 #126832] ERROR -- Kitchen: C:/opscode/chefdk/embedded/lib/ruby/gems/2.6.0/gems/test-kitchen-2.3.3/lib/kitchen/instance.rb:404:in `converge_action'
E, [2019-12-05T15:01:29.392817 #126832] ERROR -- Kitchen: C:/opscode/chefdk/embedded/lib/ruby/gems/2.6.0/gems/test-kitchen-2.3.3/lib/kitchen/instance.rb:382:in `block (2 levels) in transition_to'
E, [2019-12-05T15:01:29.393027 #126832] ERROR -- Kitchen: C:/opscode/chefdk/embedded/lib/ruby/gems/2.6.0/gems/test-kitchen-2.3.3/lib/kitchen/lifecycle_hooks.rb:45:in `run_with_hooks'
E, [2019-12-05T15:01:29.393192 #126832] ERROR -- Kitchen: C:/opscode/chefdk/embedded/lib/ruby/gems/2.6.0/gems/test-kitchen-2.3.3/lib/kitchen/instance.rb:381:in `block in transition_to'
E, [2019-12-05T15:01:29.393333 #126832] ERROR -- Kitchen: C:/opscode/chefdk/embedded/lib/ruby/gems/2.6.0/gems/test-kitchen-2.3.3/lib/kitchen/instance.rb:380:in `each'
E, [2019-12-05T15:01:29.393535 #126832] ERROR -- Kitchen: C:/opscode/chefdk/embedded/lib/ruby/gems/2.6.0/gems/test-kitchen-2.3.3/lib/kitchen/instance.rb:380:in `transition_to'
E, [2019-12-05T15:01:29.393739 #126832] ERROR -- Kitchen: C:/opscode/chefdk/embedded/lib/ruby/gems/2.6.0/gems/test-kitchen-2.3.3/lib/kitchen/instance.rb:140:in `converge'
E, [2019-12-05T15:01:29.393906 #126832] ERROR -- Kitchen: C:/opscode/chefdk/embedded/lib/ruby/gems/2.6.0/gems/test-kitchen-2.3.3/lib/kitchen/command.rb:198:in `public_send'
E, [2019-12-05T15:01:29.394065 #126832] ERROR -- Kitchen: C:/opscode/chefdk/embedded/lib/ruby/gems/2.6.0/gems/test-kitchen-2.3.3/lib/kitchen/command.rb:198:in `run_action_in_thread'
E, [2019-12-05T15:01:29.394222 #126832] ERROR -- Kitchen: C:/opscode/chefdk/embedded/lib/ruby/gems/2.6.0/gems/test-kitchen-2.3.3/lib/kitchen/command.rb:169:in `block (2 levels) in run_action'
E, [2019-12-05T15:01:29.394361 #126832] ERROR -- Kitchen: C:/opscode/chefdk/embedded/lib/ruby/gems/2.6.0/gems/logging-2.2.2/lib/logging/diagnostic_context.rb:474:in `block in create_with_logging_context'
E, [2019-12-05T15:01:29.394556 #126832] ERROR -- Kitchen: ----End Backtrace-----
E, [2019-12-05T15:01:29.394717 #126832] ERROR -- Kitchen: ---Nested Exception---
E, [2019-12-05T15:01:29.394877 #126832] ERROR -- Kitchen: Class: Kitchen::ActionFailed
E, [2019-12-05T15:01:29.395059 #126832] ERROR -- Kitchen: Message: SSH exited (1) for command: [sh -c '
TEST_KITCHEN="1"; export TEST_KITCHEN
sudo -E /opt/chef/bin/chef-client --local-mode --config /tmp/kitchen/client.rb --log_level auto --force-formatter --no-color --json-attributes /tmp/kitchen/dna.json --chef-zero-port 8889 
']
E, [2019-12-05T15:01:29.395203 #126832] ERROR -- Kitchen: ----------------------
E, [2019-12-05T15:01:29.395355 #126832] ERROR -- Kitchen: ------Backtrace-------
E, [2019-12-05T15:01:29.395524 #126832] ERROR -- Kitchen: C:/opscode/chefdk/embedded/lib/ruby/gems/2.6.0/gems/test-kitchen-2.3.3/lib/kitchen/provisioner/base.rb:95:in `rescue in call'
E, [2019-12-05T15:01:29.395830 #126832] ERROR -- Kitchen: C:/opscode/chefdk/embedded/lib/ruby/gems/2.6.0/gems/test-kitchen-2.3.3/lib/kitchen/provisioner/base.rb:94:in `call'
E, [2019-12-05T15:01:29.396002 #126832] ERROR -- Kitchen: C:/opscode/chefdk/embedded/lib/ruby/gems/2.6.0/gems/test-kitchen-2.3.3/lib/kitchen/instance.rb:409:in `block in converge_action'
E, [2019-12-05T15:01:29.396164 #126832] ERROR -- Kitchen: C:/opscode/chefdk/embedded/lib/ruby/gems/2.6.0/gems/test-kitchen-2.3.3/lib/kitchen/instance.rb:552:in `synchronize_or_call'
E, [2019-12-05T15:01:29.396295 #126832] ERROR -- Kitchen: C:/opscode/chefdk/embedded/lib/ruby/gems/2.6.0/gems/test-kitchen-2.3.3/lib/kitchen/instance.rb:514:in `block in action'
E, [2019-12-05T15:01:29.396456 #126832] ERROR -- Kitchen: C:/opscode/chefdk/embedded/lib/ruby/2.6.0/benchmark.rb:293:in `measure'
E, [2019-12-05T15:01:29.396618 #126832] ERROR -- Kitchen: C:/opscode/chefdk/embedded/lib/ruby/gems/2.6.0/gems/test-kitchen-2.3.3/lib/kitchen/instance.rb:513:in `action'
E, [2019-12-05T15:01:29.396767 #126832] ERROR -- Kitchen: C:/opscode/chefdk/embedded/lib/ruby/gems/2.6.0/gems/test-kitchen-2.3.3/lib/kitchen/instance.rb:404:in `converge_action'
E, [2019-12-05T15:01:29.396902 #126832] ERROR -- Kitchen: C:/opscode/chefdk/embedded/lib/ruby/gems/2.6.0/gems/test-kitchen-2.3.3/lib/kitchen/instance.rb:382:in `block (2 levels) in transition_to'
E, [2019-12-05T15:01:29.397037 #126832] ERROR -- Kitchen: C:/opscode/chefdk/embedded/lib/ruby/gems/2.6.0/gems/test-kitchen-2.3.3/lib/kitchen/lifecycle_hooks.rb:45:in `run_with_hooks'
E, [2019-12-05T15:01:29.397170 #126832] ERROR -- Kitchen: C:/opscode/chefdk/embedded/lib/ruby/gems/2.6.0/gems/test-kitchen-2.3.3/lib/kitchen/instance.rb:381:in `block in transition_to'
E, [2019-12-05T15:01:29.397305 #126832] ERROR -- Kitchen: C:/opscode/chefdk/embedded/lib/ruby/gems/2.6.0/gems/test-kitchen-2.3.3/lib/kitchen/instance.rb:380:in `each'
E, [2019-12-05T15:01:29.397438 #126832] ERROR -- Kitchen: C:/opscode/chefdk/embedded/lib/ruby/gems/2.6.0/gems/test-kitchen-2.3.3/lib/kitchen/instance.rb:380:in `transition_to'
E, [2019-12-05T15:01:29.397571 #126832] ERROR -- Kitchen: C:/opscode/chefdk/embedded/lib/ruby/gems/2.6.0/gems/test-kitchen-2.3.3/lib/kitchen/instance.rb:140:in `converge'
E, [2019-12-05T15:01:29.397709 #126832] ERROR -- Kitchen: C:/opscode/chefdk/embedded/lib/ruby/gems/2.6.0/gems/test-kitchen-2.3.3/lib/kitchen/command.rb:198:in `public_send'
E, [2019-12-05T15:01:29.397847 #126832] ERROR -- Kitchen: C:/opscode/chefdk/embedded/lib/ruby/gems/2.6.0/gems/test-kitchen-2.3.3/lib/kitchen/command.rb:198:in `run_action_in_thread'
E, [2019-12-05T15:01:29.397980 #126832] ERROR -- Kitchen: C:/opscode/chefdk/embedded/lib/ruby/gems/2.6.0/gems/test-kitchen-2.3.3/lib/kitchen/command.rb:169:in `block (2 levels) in run_action'
E, [2019-12-05T15:01:29.398115 #126832] ERROR -- Kitchen: C:/opscode/chefdk/embedded/lib/ruby/gems/2.6.0/gems/logging-2.2.2/lib/logging/diagnostic_context.rb:474:in `block in create_with_logging_context'
E, [2019-12-05T15:01:29.398251 #126832] ERROR -- Kitchen: ----End Backtrace-----
E, [2019-12-05T15:01:29.398384 #126832] ERROR -- Kitchen: -Composite Exception--
E, [2019-12-05T15:01:29.398522 #126832] ERROR -- Kitchen: Class: Kitchen::InstanceFailure
E, [2019-12-05T15:01:29.398684 #126832] ERROR -- Kitchen: Message: Converge failed on instance <default-centos-7>.  Please see .kitchen/logs/default-centos-7.log for more details
E, [2019-12-05T15:01:29.398821 #126832] ERROR -- Kitchen: ----------------------
E, [2019-12-05T15:01:29.398978 #126832] ERROR -- Kitchen: ------Backtrace-------
E, [2019-12-05T15:01:29.399138 #126832] ERROR -- Kitchen: C:/opscode/chefdk/embedded/lib/ruby/gems/2.6.0/gems/test-kitchen-2.3.3/lib/kitchen/provisioner/base.rb:95:in `rescue in call'
E, [2019-12-05T15:01:29.399264 #126832] ERROR -- Kitchen: C:/opscode/chefdk/embedded/lib/ruby/gems/2.6.0/gems/test-kitchen-2.3.3/lib/kitchen/provisioner/base.rb:94:in `call'
E, [2019-12-05T15:01:29.399427 #126832] ERROR -- Kitchen: C:/opscode/chefdk/embedded/lib/ruby/gems/2.6.0/gems/test-kitchen-2.3.3/lib/kitchen/instance.rb:409:in `block in converge_action'
E, [2019-12-05T15:01:29.399592 #126832] ERROR -- Kitchen: C:/opscode/chefdk/embedded/lib/ruby/gems/2.6.0/gems/test-kitchen-2.3.3/lib/kitchen/instance.rb:552:in `synchronize_or_call'
E, [2019-12-05T15:01:29.399760 #126832] ERROR -- Kitchen: C:/opscode/chefdk/embedded/lib/ruby/gems/2.6.0/gems/test-kitchen-2.3.3/lib/kitchen/instance.rb:514:in `block in action'
E, [2019-12-05T15:01:29.399895 #126832] ERROR -- Kitchen: C:/opscode/chefdk/embedded/lib/ruby/2.6.0/benchmark.rb:293:in `measure'
E, [2019-12-05T15:01:29.400055 #126832] ERROR -- Kitchen: C:/opscode/chefdk/embedded/lib/ruby/gems/2.6.0/gems/test-kitchen-2.3.3/lib/kitchen/instance.rb:513:in `action'
E, [2019-12-05T15:01:29.400218 #126832] ERROR -- Kitchen: C:/opscode/chefdk/embedded/lib/ruby/gems/2.6.0/gems/test-kitchen-2.3.3/lib/kitchen/instance.rb:404:in `converge_action'
E, [2019-12-05T15:01:29.400352 #126832] ERROR -- Kitchen: C:/opscode/chefdk/embedded/lib/ruby/gems/2.6.0/gems/test-kitchen-2.3.3/lib/kitchen/instance.rb:382:in `block (2 levels) in transition_to'
E, [2019-12-05T15:01:29.400516 #126832] ERROR -- Kitchen: C:/opscode/chefdk/embedded/lib/ruby/gems/2.6.0/gems/test-kitchen-2.3.3/lib/kitchen/lifecycle_hooks.rb:45:in `run_with_hooks'
E, [2019-12-05T15:01:29.400677 #126832] ERROR -- Kitchen: C:/opscode/chefdk/embedded/lib/ruby/gems/2.6.0/gems/test-kitchen-2.3.3/lib/kitchen/instance.rb:381:in `block in transition_to'
E, [2019-12-05T15:01:29.400836 #126832] ERROR -- Kitchen: C:/opscode/chefdk/embedded/lib/ruby/gems/2.6.0/gems/test-kitchen-2.3.3/lib/kitchen/instance.rb:380:in `each'
E, [2019-12-05T15:01:29.400974 #126832] ERROR -- Kitchen: C:/opscode/chefdk/embedded/lib/ruby/gems/2.6.0/gems/test-kitchen-2.3.3/lib/kitchen/instance.rb:380:in `transition_to'
E, [2019-12-05T15:01:29.401105 #126832] ERROR -- Kitchen: C:/opscode/chefdk/embedded/lib/ruby/gems/2.6.0/gems/test-kitchen-2.3.3/lib/kitchen/instance.rb:140:in `converge'
E, [2019-12-05T15:01:29.401234 #126832] ERROR -- Kitchen: C:/opscode/chefdk/embedded/lib/ruby/gems/2.6.0/gems/test-kitchen-2.3.3/lib/kitchen/command.rb:198:in `public_send'
E, [2019-12-05T15:01:29.401365 #126832] ERROR -- Kitchen: C:/opscode/chefdk/embedded/lib/ruby/gems/2.6.0/gems/test-kitchen-2.3.3/lib/kitchen/command.rb:198:in `run_action_in_thread'
E, [2019-12-05T15:01:29.401495 #126832] ERROR -- Kitchen: C:/opscode/chefdk/embedded/lib/ruby/gems/2.6.0/gems/test-kitchen-2.3.3/lib/kitchen/command.rb:169:in `block (2 levels) in run_action'
E, [2019-12-05T15:01:29.401625 #126832] ERROR -- Kitchen: C:/opscode/chefdk/embedded/lib/ruby/gems/2.6.0/gems/logging-2.2.2/lib/logging/diagnostic_context.rb:474:in `block in create_with_logging_context'
E, [2019-12-05T15:01:29.401772 #126832] ERROR -- Kitchen: ----End Backtrace-----
E, [2019-12-05T15:01:29.401907 #126832] ERROR -- Kitchen: ---Nested Exception---
E, [2019-12-05T15:01:29.402041 #126832] ERROR -- Kitchen: Class: Kitchen::ActionFailed
E, [2019-12-05T15:01:29.402178 #126832] ERROR -- Kitchen: Message: SSH exited (1) for command: [sh -c '
TEST_KITCHEN="1"; export TEST_KITCHEN
sudo -E /opt/chef/bin/chef-client --local-mode --config /tmp/kitchen/client.rb --log_level auto --force-formatter --no-color --json-attributes /tmp/kitchen/dna.json --chef-zero-port 8889 
']
E, [2019-12-05T15:01:29.402324 #126832] ERROR -- Kitchen: ----------------------
E, [2019-12-05T15:01:29.402457 #126832] ERROR -- Kitchen: ------Backtrace-------
E, [2019-12-05T15:01:29.402600 #126832] ERROR -- Kitchen: C:/opscode/chefdk/embedded/lib/ruby/gems/2.6.0/gems/test-kitchen-2.3.3/lib/kitchen/provisioner/base.rb:95:in `rescue in call'
E, [2019-12-05T15:01:29.402748 #126832] ERROR -- Kitchen: C:/opscode/chefdk/embedded/lib/ruby/gems/2.6.0/gems/test-kitchen-2.3.3/lib/kitchen/provisioner/base.rb:94:in `call'
E, [2019-12-05T15:01:29.402883 #126832] ERROR -- Kitchen: C:/opscode/chefdk/embedded/lib/ruby/gems/2.6.0/gems/test-kitchen-2.3.3/lib/kitchen/instance.rb:409:in `block in converge_action'
E, [2019-12-05T15:01:29.403022 #126832] ERROR -- Kitchen: C:/opscode/chefdk/embedded/lib/ruby/gems/2.6.0/gems/test-kitchen-2.3.3/lib/kitchen/instance.rb:552:in `synchronize_or_call'
E, [2019-12-05T15:01:29.403239 #126832] ERROR -- Kitchen: C:/opscode/chefdk/embedded/lib/ruby/gems/2.6.0/gems/test-kitchen-2.3.3/lib/kitchen/instance.rb:514:in `block in action'
E, [2019-12-05T15:01:29.403376 #126832] ERROR -- Kitchen: C:/opscode/chefdk/embedded/lib/ruby/2.6.0/benchmark.rb:293:in `measure'
E, [2019-12-05T15:01:29.403510 #126832] ERROR -- Kitchen: C:/opscode/chefdk/embedded/lib/ruby/gems/2.6.0/gems/test-kitchen-2.3.3/lib/kitchen/instance.rb:513:in `action'
E, [2019-12-05T15:01:29.403647 #126832] ERROR -- Kitchen: C:/opscode/chefdk/embedded/lib/ruby/gems/2.6.0/gems/test-kitchen-2.3.3/lib/kitchen/instance.rb:404:in `converge_action'
E, [2019-12-05T15:01:29.403783 #126832] ERROR -- Kitchen: C:/opscode/chefdk/embedded/lib/ruby/gems/2.6.0/gems/test-kitchen-2.3.3/lib/kitchen/instance.rb:382:in `block (2 levels) in transition_to'
E, [2019-12-05T15:01:29.403915 #126832] ERROR -- Kitchen: C:/opscode/chefdk/embedded/lib/ruby/gems/2.6.0/gems/test-kitchen-2.3.3/lib/kitchen/lifecycle_hooks.rb:45:in `run_with_hooks'
E, [2019-12-05T15:01:29.404045 #126832] ERROR -- Kitchen: C:/opscode/chefdk/embedded/lib/ruby/gems/2.6.0/gems/test-kitchen-2.3.3/lib/kitchen/instance.rb:381:in `block in transition_to'
E, [2019-12-05T15:01:29.404168 #126832] ERROR -- Kitchen: C:/opscode/chefdk/embedded/lib/ruby/gems/2.6.0/gems/test-kitchen-2.3.3/lib/kitchen/instance.rb:380:in `each'
E, [2019-12-05T15:01:29.404299 #126832] ERROR -- Kitchen: C:/opscode/chefdk/embedded/lib/ruby/gems/2.6.0/gems/test-kitchen-2.3.3/lib/kitchen/instance.rb:380:in `transition_to'
E, [2019-12-05T15:01:29.404430 #126832] ERROR -- Kitchen: C:/opscode/chefdk/embedded/lib/ruby/gems/2.6.0/gems/test-kitchen-2.3.3/lib/kitchen/instance.rb:140:in `converge'
E, [2019-12-05T15:01:29.404560 #126832] ERROR -- Kitchen: C:/opscode/chefdk/embedded/lib/ruby/gems/2.6.0/gems/test-kitchen-2.3.3/lib/kitchen/command.rb:198:in `public_send'
E, [2019-12-05T15:01:29.404685 #126832] ERROR -- Kitchen: C:/opscode/chefdk/embedded/lib/ruby/gems/2.6.0/gems/test-kitchen-2.3.3/lib/kitchen/command.rb:198:in `run_action_in_thread'
E, [2019-12-05T15:01:29.404811 #126832] ERROR -- Kitchen: C:/opscode/chefdk/embedded/lib/ruby/gems/2.6.0/gems/test-kitchen-2.3.3/lib/kitchen/command.rb:169:in `block (2 levels) in run_action'
E, [2019-12-05T15:01:29.404941 #126832] ERROR -- Kitchen: C:/opscode/chefdk/embedded/lib/ruby/gems/2.6.0/gems/logging-2.2.2/lib/logging/diagnostic_context.rb:474:in `block in create_with_logging_context'
E, [2019-12-05T15:01:29.405071 #126832] ERROR -- Kitchen: ----End Backtrace-----
